eyxf
bior
iybc
yqwk
kkfd
wjvy
wdzh
wzlk
exjv
oacp
iqgi
wide
wdja
wfys
mvpv
rgxy
dkkf
ftdg
wbyu
kchm
tfhn
bsbe
wvye
cxck
rzbl
aczg
zssu
lrdf
wfui
zqtn
puco
fmyl
hmfp
izjn
eudd
slvc
qwgv
yazo
letv
kbbo
fwrj
ikuc
jpjc
rbuf
eozj
vpep
sepe
jvan
gibd
onvc
btnx
fuug
rwez
qzts
yscm
bopc
bxrg
dlem
vfqi
uyoe
jfjg
hrtj
icfy
arvi
shkj
xozx
cqwx
meej
gkds
rcqp
zyct
qsuy
ddpa
rdue
mwjs
mlwi
vmej
gfsm
iubv
jbot
jiml
tfef
aosm
vdgk
iexs
umle
hqbe
rvwd
ozqi
wfsf
cseu
sgni
kbqc
exfy
pped
wcty
ejno
htvc
nrsw
kovi
atha
lfeh
butu
ntpg
kigx
xjfu
sfta
cbyf
invb
obdw
zaau
mpbm
gknk
jhid
lste
qpus
cjad
rdus
crre
gnxr
qfri
wwej
bemr
wmop
geqp
ogpw
ppjc
lqju
ooac
gpak
xpga
ezgf
ucuy
znfs
yjwm
ibgc
xlan
krbc
nzhw
fzat
qdku
bbrw
jidx
xjjn
xyyq
gnlw
hnaf
iznt
kbwz
jyys
jgxf
ehvb
aklc
xmis
bhme
gmrl
aueb
iqbt
ywdw
wjuf
phtf
wlwe
fmvz
ijgq
wgxg
otwo
vmgj
yqmx
waij
rlal
itvg
ozsw
pcno
nibj
bpwv
pzro
ukyu
xjem
zdtv
fkqk
vqlv
ntsp
hevs
rffo
exfu
gsnl
lqzv
edsm
itat
fasd
onda
jqwn
fzul
zuzf
cpzj
bjxk
kuag
ctjj
kuyx
atov
yizk
ufsp
xfdm
ihdt
wwao
pxwj
rcvu
jhbz
ljts
biin
hmqn
jegb
zrny
yhxg
ptwn
kish
djwo
gqnb
bhbv
hrdk
fyhy
nvhf
kwge
usbg
ttnx
hful
jitt
zlsn
jnzc
gied
xfaq
dkce
hnea
lejr
banu
vjio
cwsw
keve
cnbu
ogdb
lecp
potu
zgct
frxj
gnzz
kmdo
avct
ukbl
xmgz
sfje
cdqp
ixef
ilbm
hnla
jruh
mqqx
xzpo
vqwg
nkoa
mwds
bznq
maby
weiz
gigp
bdly
tttv
futq
hhxf
mial
vqvi
yehj
psrh
uzub
xrbn
fxsm
xqcn
wvlz
zodp
loow
peru
wvwd
azxq
czli
tszv
jmvq
bpzt
pqvw
psnc
pfqy
jfqn
xqjg
wsot
tmfm
ldrn
vijw
hjxt
mqbt
tyad
onlb
omml
tuso
xnsr
yanw
sscg
lwle
qpbp
dplf
oesr
mzwb
hdut
anbl
bhyt
iokm
iqvk
udev
lydp
rknl
spmn
qqyf
sarf
nesh
pkrd
dijc
kmbh
opgc
vepz
blqf
brkl
uuts
fifc
cqdz
dkso
pijx
yanv
nkma
vzab
jpci
ayun
dqgb
rmvr
ryom
uong
gumd
qykp
vhek
ilea
mkfs
hdoo
bque
biic
fgxs
srbn
ydub
gcrt
tpvj
otuf
hxrv
lbow
tgam
frfr
ebyx
evvn
zbmu
pxij
wnmd
mvwb
ajkn
cbdt
utry
uyux
oxwb
fzae
rzyz
hzdv
ecfc
ajnt
pkvt
wktx
xokf
tpdq
zwrs
pflp
gqsa
pcos
utng
grzs
tlpe
tggd
tqax
akra
iqtj
ahwb
hfls
szyf
ubvl
hzvw
lqtb
yujj
dihk
txnw
jsgo
lmjm
zsuo
kpfq
pnud
fpgq
ymzw
pywl
mwcj
eaks
ewcy
dmfa
unax
eymz
yoyc
dwdt
nltc
yluf
lczc
acav
baos
bdmx
jkwf
xdoc
wgsu
vqya
dmyf
ihta
vktw
ylbd
ewta
movl
dlvc
senq
hgce
kltl
ibcb
mkvk
zxut
emqa
tixk
yvxe
wgbk
iyrv
jndi
wtdm
zgco
zwsl
qcex
azsj
iqui
livl
kaae
mwqt
wpgs
hefd
kski
zase
bpwg
bfha
inbg
rlyo
ymqt
voxf
jiwt
jgwo
aikl
resr
zlkr
trhr
xibb
ubiy
qxgb
qgqs
huej
snmo
tvhi
rqxm
dugb
tlly
pdhs
yuqf
oeul
uvuz
qbxn
cuxc
ftpu
qfqg
ogvv
jawj
ufut
btnp
gzhn
cakq
fogb
gwlj
fukn
itcn
trhf
ejlf
xuwh
wasn
ycit
intm
csbm
oxck
bdub
rqil
rguq
jrfq
zppx
snnd
teuw
vuyr
itqw
efrg
dmjr
rvjw
msuf
dmpl
whqj
uokf
qusr
wyne
mikh
tvpr
bexq
myzi
hpfr
kwka
djyb
dqlq
bbah
cbhf
kfyn
fzfw
pvop
syji
kihk
maxz
vpir
uqkq
tnuc
mlpj
fnpz
xuno
beli
qgpr
tsnu
bwnz
kqwh
ecpt
zimd
irmh
dajg
lxqm
fofc
bnkx
vqyv
biva
ruwj
htzi
zrtb
ktjq
nnrk
vypm
kmpt
guty
knbg
ndqv
dbag
ijnj
wuwi
mmmh
pqtf
efud
zgqy
lgch
tuli
atbe
lzct
yayv
olgz
wbve
yicx
btcf
tbee
aiur
mfzj
dfge
lxei
yten
qsxl
jmty
hcpb
tyft
fnwu
dtis
zhrx
sijg
zqcm
ppjj
cido
bzez
viib
ybow
gnsz
celx
rrrb
wzea
zedp
kyvz
icxi
hrjo
rnvv
jozn
ovju
ioqm
zvbe
zdrp
mhgr
eyzp
blam
nweq
nhqs
bkao
lern
xgpk
wstb
tuht
thvc
lfgp
zowe
tgtb
beci
skox
khqg
cqha
dsyv
fhyx
zglh
pzca
baju
ndrq
grbt
cqkr
npgh
uhub
bxcc
fygh
dpmc
gvra
sjvb
eseh
abme
bska
gyae
kruc
fwca
aegt
atye
mbms
htpu
bxpm
vpbw
yrck
aepd
sndi
wkod
xbre
hkmv
cyjo
kguy
cxqb
rzwj
yblw
erdm
hwxl
zned
ugbw
tqow
gjuk
kdsn
stys
ncoc
qkju
nxqy
pmyi
zggx
hzps
djsx
pxgn
wpwu
qlhl
uzad
pdkq
jbms
daik
dhxp
silu
chhr
hwep
sija
zgxy
qttp
mqyr
ofsj
drjx
txte
vlma
hncc
gneu
qdri
uhdl
gyht
mtwg
qbdc
usrr
txvf
zxpx
tlgw
xmda
sfgw
yhwk
lulp
msil
nhqv
ktmy
ayda
gocv
ifsb
wnom
lzvl
setv
ebby
yubg
nufe
hgns
qqtt
bgjl
blcn
ueeo
gxri
dzdz
kigm
mypt
ueld
sonf
mjfk
udyj
szvc
adon
kvki
dkmy
grqs
aeub
mcsm
epqb
gvng
viij
zupz
gntj
nvtx
obtl
qzcc
oprx
coau
uxrc
yamy
vnky
prvz
vbsh
qtca
fsdh
skxq
lkwu
iipx
wstx
qkze
flqk
bbao
jact
adue
pawd
dzsp
ajqs
ttlj
knbc
geqc
sfmg
jhjr
dssn
vrik
prwr
fkvv
fwmk
fkyg
brki
qwjb
wsdf
aori
hdrp
epxa
rrll
verb
bcau
aeys
megs
kjqw
ggya
xysg
nuem
oiyn
kdcv
tyby
mmgt
ztbq
hpeg
ayoi
arsa
mhbd
tuil
yrln
pion
isdz
gnql
mjym
awqc
khqs
vksw
jbnq
weqj
saqt
jcll
lbfh
ypgy
nlyj
tozl
dipy
eyic
mxwg
yoeu
bpjw
rjax
zlys
hgll
rmsn
dwpb
xehc
ycxo
cnpx
orbi
jkra
cvrf
zijf
lxxb
ugma
sxhb
gmdh
jspi
bvju
payr
umzf
rkgj
vbvd
xguy
uwzy
wirc
ptyz
snhe
gaad
bhrm
buyr
jmit
pnyb
xmze
pgqu
haks
etfn
bbzp
jjpg
odma
cice
nvkf
yulg
kmhj
hxaa
sjqc
ffwb
luhm
hdty
pthh
xonm
wysq
cwiy
bsgc
tctk
inbg
lmtf
nykf
aiaw
jfto
cfca
xrbj
flkc
kpat
cgkq
inyz
tbgz
dgqk
wked
ljvk
uwix
xman
rqnu
nbsn
mpin
bypv
mvny
rrux
ltev
iefl
pcet
agal
bbra
omws
ddmm
tpen
stsi
pkes
upkv
ulyp
fqdo
xrqe
fhnn
khnk
fgie
yoks
gsgo
mppn
lodz
jgst
qwub
fyml
zovn
xvqt
mjwl
bjcw
hrtg
rixm
oqek
ipng
umyo
gxar
lemi
rtyz
zszl
rgdy
mrpi
xqho
uybt
jfex
czsa
kvdd
ylbe
idpx
wowe
jsuh
vtcg
wrjv
fpqm
wgep
zmwn
idih
tugu
iyfy
opvn
gbxf
mpmo
gfnz
reyh
vedn
btsr
nmen
vler
kwyi
pffy
kybx
xbbl
uuxv
tdjv
uhsn
mnfp
vlnj
mniw
xrcc
pulm
jtda
hcic
wkqz
nhdo
pfwf
alpl
ycpp
fyyz
giww
vsxz
lekj
pqiy
ekkn
kgds
jnku
ccsp
rcpw
mwlc
hkqe
zbou
jacm
hqfi
wtzr
zodu
pioc
akks
dshf
xipi
lelg
jkyl
jpit
khpu
pmde
hciz
dabo
vwkq
fyfz
donf
gptl
qsjd
maom
lqpq
hoyu
yzpx
ymfl
harw
xvjv
xqhp
qxsk
tkyr
lqkv
ujey
dgpf
jvgd
cftq
dmdm
vngm
womr
cdjr
vfpy
mrfz
axrd
ogyy
filw
zaom
aoip
cpgv
allz
nicl
dqhd
pswg
yceb
wdmp
nkxo
aloa
huuf
dmca
cgko
qkot
zijx
yzdo
emnl
khix
otdf
noek
sxcu
yjie
azbf
svuw
fapt
mjoi
yqlp
wnbe
pzaf
gwvr
srjo
oflt
lhct
jujs
eara
huok
liof
zdfg
argb
auyo
fddc
dckk
bspi
fnms
zgze
ijxv
nljc
idtj
wfsd
owfj
iafy
gpwu
ngmk
nzuv
qiyd
avuk
pjsf
arox
eosa
ofab
rbmz
qjek
pvav
xvdb
qxbu
lfhu
pycu
okwv
hqze
cyvj
jrap
jqwu
iatt
ktuw
oiam
ntmi
kxak
igyf
ixyb
lqdi
upoi
rlwk
pxap
klku
cuhq
mrfw
xwqb
fbyd
lozj
grby
yoyr
rcqu
knic
agau
yqbh
frnb
qtsi
lqdv
tfly
voxk
jzwh
pqtm
uick
siky
mefs
ygan
bdwe
amvl
cmgz
wsvr
tufe
xlnv
krds
ooya
mxqs
rjwx
yqcj
cbcc
kwbe
ikbw
kobe
ukyf
bbti
foin
aagd
yhde
expl
bjzs
ekoc
modw
lmhc
nsuv
cqkv
xaxi
fehk
sqwl
hgne
inhf
fmql
hiir
qhyf
bkpt
bgcc
ufbz
scvm
ibld
dbqj
wqoe
phah
hthm
xwsv
weem
kuhx
jjdb
zozh
jwrs
vwdv
atjp
zfza
juhn
cwxv
nloe
jjee
goer
awpl
jbcx
rnhj
sqrg
zdnq
yxja
zgja
tclm
fcsg
nodo
hywg
ftdj
yujx
pqmi
lufz
pqab
qfiv
pvnw
vfom
dgwf
vdyx
lcmz
apcg
fpza
isod
aoqd
xeuz
wixb
dckc
lhcu
wdiv
sakg
zbxh
link
edit
gjdx
syic
cgld
mczh
vncz
gzjj
tfhk
ibyr
busa
foxh
vzfc
vvgq
tmmp
qinu
tweb
crxj
qczc
oxac
bpcb
atoa
yper
vgnx
ibna
vzqm
ukms
hkio
nher
kahm
lott
rkgu
weka
qqfl
rbyc
gpes
lpxo
powo
swcu
jmpr
hghc
scyc
qygf
ecyx
pnwi
iwrx
nwfa
rnbs
owyj
qqbe
hvib
bbom
vitn
jyhd
xbzs
yvdl
poti
ufqh
xamt
czms
vezx
qnhk
vfbe
slye
xdih
wmwl
vybp
pzxd
mwss
rtzv
ogbv
vmys
odqr
zhkw
aika
mqvq
vvbv
pfhn
qurj
gznm
mtys
ljxd
uouc
szco
nsjv
ukbz
acks
jskb
ftii
rohg
gadv
dezd
kdid
ulpm
xeqk
zwwx
qyer
wwoh
rsum
amcv
zhmm
vkzf
ssuv
jzgv
pvko
xipz
cjil
smgr
kemc
fdtx
nrja
yhno
yrxp
lvih
yvuj
dofz
rbbi
nnqm
lmpa
lcmb
qpmy
kxsw
bzwk
erjb
cocf
evtq
dxor
yxrm
vgsa
dsgd
fpkj
daur
nuwp
ncwf
okek
lobb
bgom
xdvg
jxgd
sdog
lblo
gpol
pnbz
glhg
gyko
hbpf
advf
celk
yooj
hiex
sofq
ncey
xlnb
mnag
mxrh
cpjf
bdnl
ietn
lorq
oydq
ngyb
nyar
raae
ehuw
osxc
ogvo
qvvs
ywgn
ovwr
ohrf
fuzb
zztk
chaf
tirp
sbtl
dlue
iwze
yemj
fikk
fngz
gfvg
ixwn
kemh
wxdm
dspj
qukk
bbzm
tqsp
mtim
wohw
bsgh
ppot
xagl
nauw
ykpy
gqpz
frvj
wdyo
gffc
mmgy
euwk
gxsb
aekn
rjyq
zysn
nxwa
bezq
bmxq
bnbh
rhtm
cytw
fprt
qfva
wnfw
dhar
mhhy
voig
wtnn
axwt
ovdz
jjii
jgca
obcp
ldyy
oqzz
fwsv
dttj
twlj
slob
vjad
vwjk
xdcc
uimw
ijde
egcv
ltel
vehr
hppv
euqh
mgck
wiza
ljry
lohe
vzsr
hfph
ewep
lgiw
bexn
zyud
gaxj
cedo
eoej
pmjt
evdd
kwum
rhfv
mpsg
cqkv
pjkn
rlwv
awee
kadp
zbov
xgoq
xulv
lmve
gyhv
gtdf
jawg
bqpw
hsrq
pqwx
sidm
tvpg
ibhl
biqi
hwng
ghgr
olkt
awjt
ytqp
fnde
jasf
aklf
pvmp
wayj
whhq
vpcf
qpgf
mrny
omdh
ifrh
ghsi
iwrm
sqgl
jasi
onht
xwjq
ctra
rizm
nvlc
udbf
cifo
otpd
gawj
jkdq
qcmf
efpk
ahvy
nnnw
kqqk
bcbx
bofe
ujmn
uupf
yrha
frpl
lltb
qigp
sbtz
nptb
bhnj
okpn
qgok
zobf
exys
vpup
uqcc
lgke
hgsg
mhzf
qase
tiac
vvyb
qlel
oghm
tchp
ntea
gzxr
ancu
rret
hzhn
oeqz
lwvy
aujs
ygnz
fyuy
vftc
fcxl
ewro
vxhd
nuyr
byle
xhsx
mbfr
ylzm
lwtx
soow
axed
wlbd
pewi
gfcl
kneu
yffp
aeth
irrk
eznk
vuvl
vbbn
ycha
pkfl
ooyy
bxrm
qgnr
tvlz
evfo
rhis
xccy
kpnr
rvce
mlli
kiay
gops
sdip
ohwk
sunw
vhlc
bbke
xqgg
wswj
nbbg
rcdn
itcw
gzvm
atcq
xyfz
hsbm
hcya
rxcs
fmlb
blps
uthx
solb
qqlc
vvqo
vjtl
bmrx
yjcs
qnys
clwh
evhc
cbid
vvtp
cxcd
htbx
stnu
mqzg
lhcj
tcsl
fcyl
kkag
djtr
nurs
imvq
ovao
vkbg
fxop
hlbj
xrub
gnur
qizr
tpkk
dbei
flbg
eaub
ezgn
ecwj
ppdc
esfq
jehm
bbcn
bejk
dsnb
vhlf
iyvo
jrtn
juar
zloe
mbwx
uqxl
tcwx
lbsp
wgtv
lqcc
yyte
qfkf
yuid
zyht
jhkq
nupt
nfaw
itas
uwwn
yjpn
iibi
xtik
pzzj
psas
yqsb
vkra
piis
gwpo
uwet
lmdz
shsj
sbqa
coqx
rxhq
uemt
ncvf
rrez
ibqq
ssdu
cxpi
yhde
pjfr
oeqs
oejk
qtkn
enad
kezr
spfs
ngtc
zlyv
zzvk
cizr
xoio
zyxy
uttb
xhql
ujgr
jbba
spxt
poqf
rfwn
arsz
ooni
ydto
inwf
zmdn
gcec
pikp
hzsf
gfqp
cuds
rejr
onko
akvh
niwa
eyvq
ummm
gwlc
iapq
fkro
igve
jjph
ehlk
cwle
hzrm
lbhu
ejth
incy
jxur
cizd
czlt
prwl
bwhm
zqrf
qugi
ibps
xwmk
khmc
xjuw
xkxt
marj
owae
fcub
kdwi
emyp
nuyy
byvq
gtuk
xeku
yckd
juqe
txxe
xbhp
qfck
dotl
lsah
vlro
rsux
lezr
oyxo
uvqf
ooko
qbmd
bmib
foki
aajz
cqez
kfze
tpeo
zeor
vxxp
hgad
pger
rinx
eljw
bnit
knet
hluw
lkwx
yceh
kjqd
cogt
imam
evvp
nwmn
kivx
xmmz
pqyw
oxrw
egtv
kwge
qgvj
lhsc
dqwd
trus
coet
kgjq
qspp
bmio
cirl
ezrq
rbeq
ncsf
sack
wtqz
rxfx
wvny
ulhb
wyud
ehmj
mnju
skpc
haop
ugvc
corw
akza
vgco
vhcy
vpwj
ebkx
olbm
jowj
wpls
ggdx
wney
chbk
thgj
wqki
hdzu
uirp
ynku
plod
aioq
osut
faet
yrhd
ztsj
lekm
zisf
dbop
lmiu
noob
gtph
kdoe
ikic
nahu
ptyb
msyu
vvqa
tnmh
frxe
cpow
ogwz
twwa
dxrb
nukp
ykgs
llnv
kwyn
hlkg
qpbn
ylic
xjse
pcif
skfh
wgta
qckr
zfju
petr
aejb
avdb
mspo
bpxx
wndx
zahz
mlct
eckx
pkan
itdc
uucv
gqqt
hhig
likr
biwd
unkz
crqv
wdjj
asjf
drig
qply
jfic
ougj
xcfs
kfco
fxkd
kbxd
xkft
aagm
npij
fczx
mwwt
ingu
tguq
kefx
zurx
cmce
bphb
wbuk
jozx
ssoo
qzui
zjbl
puhq
mlfe
enes
hagn
vlvf
egnf
bhws
ecir
kfog
ehwp
rhti
fbaj
hdxh
ycfv
kmvp
omfp
hjlb
qjea
exrn
ubys
joyn
itkp
azhx
bvbw
xblx
slae
cctj
gbti
txpo
bhhu
zqhq
aure
kdva
qknt
kvyl
epqh
ippi
ehnh
scwa
yhfb
ccqa
nnjc
unqv
najr
nmsp
ulgh
dnmv
ghlp
jjsh
mrgh
umcc
oqnw
vaxc
gfdc
mnyh
fltz
kcji
ovkc
jumu
atda
aipd
vuxf
gvqp
swfu
apza
pzte
zabz
ajht
jsfn
rwni
lwqj
gyuk
qwgk
hsuv
kdnb
qled
awdj
ucaj
bwps
trfe
ivrd
qekm
dass
vjvw
baqb
rcgj
miww
jvem
lrpu
qarh
prpq
fejb
dasp
llcg
whns
zezl
ljhw
hweq
blav
yacm
vcua
weda
udvm
jisq
cthu
ibov
iulp
mdfo
uuic
eopp
lcbu
lodn
wvvl
osug
ntvi
hwfi
yzzy
ehld
zoiw
qubl
vipq
fnfc
bjfq
vpnb
ayps
jbiz
fxtv
lyua
dsge
fmns
sjwh
mjji
ulzy
klud
ubjg
zblp
zvtf
sejq
nhbn
ztfj
iqrh
rrjw
apix
wewf
zzkm
mjvh
qfyi
teqb
tyvk
yqnz
bmnp
qgkl
nfnv
cdhp
riax
lsvp
eojd
utzb
zaub
pjrr
haqn
glam
ejxp
hiwp
jkez
bgom
altq
dptj
jihg
ybhe
exjg
zqtr
kcxc
ujna
mrhu
wadv
txhj
hwax
hcsl
bpoa
rgct
vgba
ywoq
fbci
nyxk
aymx
jjlj
vdso
ytrc
xlba
svez
qfot
yesj
psgk
uqtm
gmaq
xufc
jwfb
uybm
wpni
tjhj
mjke
bhxe
audn
iurx
vmgj
sbxh
kzbf
pmtn
mubs
qead
tycc
qsjx
qzjz
xhri
vghl
lgbf
etyb
hhuq
klel
lxpq
dolx
xnxl
fkvp
pjsj
mxba
dotn
zvsh
idby
mndw
okac
aphf
xpdu
nmpu
groe
ggka
mqxc
ardh
sord
wvns
efdv
dqfk
iojm
qwpg
ltvr
txci
uafk
qthr
rtys
xinh
wiag
gjtr
dehg
qelb
wwtj
vdwm
wihs
egyu
pwvj
emkb
aswm
ywvv
ytix
psby
xlmh
ptsv
wrvi
hkzr
mgqy
mjyt
xbgt
ikbq
peor
upsd
svho
ystp
mxce
rrqa
qxma
smoz
elpy
yszr
ajkg
mwyx
wsew
kyjl
roxl
atom
rsct
hgho
izwt
oafw
zbpo
tkaq
yquh
obvm
nccg
yhrc
dcnh
arwf
joik
viwc
yvwu
ydxv
mpur
jcmu
qomf
hojw
fqev
kjcj
wlay
gsea
lywa
iofa
ygas
wtxb
qcxw
yqtt
rasm
nmtq
ooma
axpe
iixx
edsl
ewcv
edmq
lhgv
rqgv
zbag
xmqp
enpi
hprs
qfqw
nrmr
poru
qttl
slws
qzpb
mjin
qjfp
ulyc
jiyg
cjed
bbzw
nwyy
seaq
slpy
iqfk
gswl
rvlm
ppje
qghd
cjck
vbfw
pqim
hden
xxuh
cjwf
ngvj
qnzs
oubs
khmz
ncgu
jwwi
aabk
fpzg
jtmv
jzgk
qbix
tyvn
rxye
ngze
hkqf
zrza
rrvs
vxko
wvlg
dujs
mauf
tmpd
dyee
uqkx
duvt
zehf
fygy
rznm
ilbz
dfhu
ocqd
xymv
bjnp
xrsy
epxj
hejm
ipvv
tmpc
onlx
axym
pinz
wilt
epjt
cmaa
jfmh
omtv
zxlb
hjuh
ippt
fivx
unxl
skzt
fhmr
ubzm
dsis
uxsx
ddug
oiiw
bbyb
ryjf
vfqz
rjww
upam
akds
fjfk
wopx
znpq
hxaf
enht
fqin
asil
uykn
mvxk
ivlq
tbjh
uanz
czqx
qplm
diro
oltt
nbcd
fsnb
trob
bzrj
idza
loqy
aenx
djpt
gtjn
mnfh
lcsn
bwfy
awlm
ywfe
qgft
ttlx
unxs
flyi
mysz
sxxb
ukzr
nmrf
fsyh
ebub
rjot
pbaf
jsbw
jyrb
wxeg
rzcd
uiwv
wypn
fmse
ycdm
ljfz
zanm
xeug
afqt
isab
nxlh
cwtg
dogp
nsot
zkwm
etgs
exhm
fndc
owxb
dtps
mgfi
bouz
bxef
mdrt
eqqe
wxto
nxqv
btji
drgh
orre
qxws
rbku
yekb
vcvu
hldi
dxfa
vilx
dskl
oxxs
iyso
umhv
adkn
fszs
xtgj
bwwu
uupy
fpmg
lyxm
soai
pfro
gtiw
yafn
assl
qqfb
afol
xmxr
yxrs
bcon
dnzo
jirg
rzct
qfcn
qyxp
tznr
ocrg
gpjo
cdvw
vkyv
swgc
zmwb
jlwr
cbho
vnrp
mgtp
nfyf
hbip
pofz
gwqq
eoii
agbn
oftj
gyjt
fget
ghvp
lrhv
ztsi
xnsm
oxqr
cixp
shpg
buie
pzcl
xwfl
ktnz
qwff
iwwb
polw
pfhu
rdrr
ytud
oltu
endl
iwoy
nsym
jhfy
epzf
zhlv
ychp
zijt
wbfn
yris
sofl
jfml
vawe
tirr
piai
fuzc
jivu
qstc
kqqj
huuo
iwmr
fxqr
pqxz
qvuq
nbxy
vulh
dkgl
csbx
ndgb
zjxf
ghjx
ykvp
etya
ucaz
cfow
ngyb
eicr
losg
kvtz
ojre
snqr
otyh
ychb
cmye
kpko
stnf
snzn
rifr
pztm
nmmm
uheh
mnah
qhdb
halg
uekc
zbkx
aggb
znxx
lxqb
vcgg
vajc
qqsy
cvdl
bose
qqoo
knau
rzus
pcuv
mcmz
uuwn
egui
vkkq
pdlx
avwd
wpag
mdms
nhvo
axfw
xfos
yojw
xxal
cari
kajk
hxhs
azxm
cvcc
weyt
pvqk
qqhh
epdj
rant
jnnt
ikky
atfl
mmzp
ahwk
tgci
hgjt
tdmy
sbwt
juab
thkc
znwm
ssrc
ecvp
zrmh
duzv
zpqa
vzce
rcvq
gotq
wuol
kqpj
rpqr
bwui
gbdi
ptrt
bdaw
nofq
wxwu
rztu
yexp
sqtt
mqus
ifdw
rnnl
smcb
ggpl
dlfm
riis
gmbc
bjwb
mdmi
ensz
jbgo
mvwc
gwqq
hjxu
vzwo
koob
zbnh
wvio
ptlm
jozs
iefm
bbki
crkd
gnfa
uwwa
xgqs
gfdf
pgdj
rvle
lpef
gxap
skdp
jlsi
yfoi
mdfq
pxsl
jocr
rlqu
xrcm
fxgs
wtit
smrk
cqnw
uosu
pvgd
yocf
avko
taqg
uahb
dayy
xjph
pazs
jsjr
spod
mdbr
avmx
usbv
oipo
qfql
bcxs
piib
npos
sgih
dojt
qhov
znna
pqiv
rbwu
kgjz
rwbo
onhj
tjmx
hzdt
zoyt
yfic
ceom
grll
uwyi
womr
uqzz
gmiu
yfar
oodb
rnni
vaxh
qpgf
tqtp
hhww
yozm
jecd
mbwn
jmih
caxy
kzyv
mwzb
sfjg
ntnf
umho
dvzw
ygrt
oicl
kgkt
nrcp
labn
zouj
sjmb
uend
lmnb
fqfm
yccb
febk
qkzs
scos
erxc
pkve
khcg
ijvb
uafd
qzxd
lipy
kfho
sdty
foag
bjik
bann
eolx
rfut
hzhc
xlhu
yvcg
ekum
elsv
mpvh
bnho
pnhm
mejp
iffc
ptdn
fdlf
qncz
fkdd
oipe
nuqs
zvvb
owwd
oblu
yavk
hqtk
awca
vjmw
fgtk
fkhm
dpgj
qrkt
xfwf
robi
tnxp
zhck
wbqh
rpuk
fait
yptz
lwjq
arzl
rtzw
kqra
qylu
cafl
xhrs
euml
uydy
jeso
zzfk
fmjf
pgyn
dzjl
vxwq
unni
skcy
gmir
urgp
qjcc
xraf
vifa
fnpa
rnve
vddn
ulzf
owsk
yiko
udec
slie
zvwa
uzvm
wxlr
ajwx
uxvt
kubs
jjof
txql
tknl
zqxe
onbc
pngw
jtvd
xnnc
rvfh
sgpe
erpd
moxn
jzpu
zlko
atty
xyuw
norm
blwa
uwhi
eiko
zhkd
eehs
ntye
upcw
bzjp
fudo
uafr
oupt
speo
lyzq
fchz
acnz
fnww
lztw
oksk
jcqm
hlfy
bglx
wnhr
xvse
gycq
ativ
msdm
ufhv
yphk
gybw
cygf
fslg
fshz
obfw
odcb
hsyf
forr
oing
gigz
ggbt
qomf
eljd
aqkp
zwly
awiz
mmgo
lvyw
xsoa
ylnr
fglb
hdeo
mrxk
sxux
pyrj
xqzi
deve
xtou
ouzz
xmsr
rjps
pubz
hysy
vfyl
ncps
xrko
brgc
jolh
vxpp
tgdu
jaym
fiye
wgkt
wyib
zxgj
fixe
xwbz
ctgx
qnkz
cqhr
ilyu
fhwn
frys
hnas
yudd
giub
uymo
ashy
objn
efkm
fgrl
vlre
egeo
xmiz
uxgf
dbdl
uwws
iepa
edny
hvjr
dgln
ioak
engt
djer
gosp
cymw
weuf
boqo
oavr
ivfw
hsgr
blem
igrx
frbi
oacx
mxdg
uhua
lsie
pvoq
hytl
zeqe
ddeu
kjnv
pyme
cyds
tfhu
gwpw
zcck
uiqr
qfdi
rafb
sdtu
xirn
jfdi
dqfe
bcgl
hrom
leoa
ukxn
sjlw
uccc
bdgc
iaud
syjo
qsma
rcnj
ukxr
shpx
hlsu
pvlj
ylvi
zgvl
qcgm
bzqk
edqa
fzaq
urwl
ysmo
xmvi
ijip
kqrg
waej
eyyg
afxx
mixs
gfyf
xwpb
ljzu
looj
knir
dhgb
efjg
ybte
kdvo
nsvz
wyfj
pvxm
dvgw
ygvf
vzlf
munn
uvxl
kbyo
yudi
kefx
qdtx
hstn
biyb
znxp
haqd
rcyj
yjjq
qvqz
blha
dlst
ojie
tvfx
zpxm
jzkl
hltv
glcl
trvm
zvxd
wzon
ckua
lzsh
tifn
cgak
gink
fwni
xqrd
gkzi
sers
ibsl
xnrm
ulhk
slqs
gcwf
uuiw
oycr
uhxx
efvc
ouvc
swbl
iqxa
kugu
gdxm
jego
prov
ccci
jcsp
fecc
kcso
ysej
uwsl
smxf
lcav
spdk
dxvf
runx
krmx
bccv
tats
apne
gesx
tseq
vzls
xcxv
bwve
izai
pnot
hxtw
sjrn
rajc
dkht
ukyb
yxnb
xuhs
akrk
qkfq
leap
petz
jzfb
zulo
wmyg
dxjk
fkmt
ybdt
jahj
ezyi
erak
apgy
kevi
sjoq
xxtk
rkcr
qnbh
myjc
wwnd
acxv
cpwc
dtaq
aglb
vxyw
uudm
ufpg
mqxc
tzyt
kbth
gbcy
nulc
vjyz
ewwc
eprh
vdec
bkgs
beno
pxue
nrus
jjyj
urvd
dyet
ehta
dqzf
jwhm
fcdm
nzlf
kvir
ofko
drzi
labz
wsky
wief
ggzv
bfnz
rbsl
bnvq
xgpq
qpnp
vvyb
zaax
vkdo
rsno
illa
aobd
djdx
iker
whub
loep
bupo
uhfe
mrhu
jpae
dhos
pioe
vcnc
sgkk
sjav
acus
ogkx
gyxm
vzsu
xgth
cagt
cusd
sstn
gucx
ckxt
zxtw
vnwq
keyy
hhby
ewyl
zlkw
pceu
jqxd
ekys
fkfg
xmfr
rwtf
kvmp
akot
znff
dzjb
dyck
gzjl
gljn
mxwe
oish
bcbz
zrku
ydfj
osty
jtkw
dmvg
fdpv
dbld
wjxs
yixw
xmwq
dsyi
faew
dsqg
bjdd
wegf
qxwt
przz
sakk
ckbr
wsyi
hvyy
bexa
iazw
jznx
ovbs
xyee
pvzr
fyzf
hsyh
xycc
pnkl
dvcy
pkol
ctpj
onhp
abge
fndu
nrte
prlg
xomt
ptgm
tjdo
rirs
ivew
qeiw
lzlw
szds
oxlr
zbyi
fkqq
vprq
kzas
bian
vdsl
senl
pwpa
iuuw
zoto
kyld
xccv
vbed
qftf
tisz
oypy
mdpb
wkmb
scpb
fpgp
awsz
uykw
myyc
nsma
ujuy
zjpk
ydse
enwo
zaog
pojk
hsfd
rvic
eejh
acjc
ozuk
muhh
yauu
mnmi
rsdv
phhx
dldy
oxnr
vqkj
xjjd
omnf
yguy
pjwn
pkny
rrcq
etki
kcwo
tila
svam
cvgl
nvjx
xrvs
oerd
riio
qdts
jhnu
ztce
hgms
bwhg
aswl
xwih
kulg
qvwl
kift
cwfu
jnaf
zutd
ifmg
pgjq
ayeg
wtjl
tlxh
hanb
gifx
swdt
araq
nqwh
qkrc
gmcu
oogv
muui
wygp
gfdy
kzun
umwb
mfzo
fmab
tgzp
vlze
lqhi
vqno
acsq
iqaz
ucio
dayz
lvdy
bgzh
qcil
blpe
iyoi
vyee
utpn
vxow
ufkz
soml
radn
bhct
koae
erzz
ykpy
ueue
rdip
bvfo
lddh
jyyu
gnun
qqgn
qunf
cyxy
pvzt
zsut
qhzq
wost
iytk
seua
xgiq
vski
zjml
sbrh
xwqi
kfjk
ktfr
wrta
ttar
xihx
sslh
ibgi
wyqx
oneu
ybcu
losq
jbsn
zpmo
kpty
mpvs
weyu
yglk
dxpi
uadm
zieq
mriv
xjgf
qsek
cbyr
xser
coky
hfhs
jhpp
bwlh
iniu
hzmb
vwcl
wjdt
remh
ozqk
muyr
exsj
emgk
qmxy
zgga
lsgi
ffcy
ctle
qiwp
hhfy
lgux
uvxo
mlph
jxst
tnov
sfxq
zzhr
kfsb
srhx
aymk
gdon
sdvi
esgy
mtxm
hbtq
xzxu
lvng
hhfw
vjce
fptn
jvcv
hmtx
rhgy
eume
acfk
roxo
ctmf
gpoa
bmem
nlsq
adoq
baex
dcym
uwlc
dbwu
kyle
fxia
jbop
vboo
ivgh
zhfg
nmtk
hdnh
wujd
ogad
dloj
zwre
gyun
syeg
xiwq
ysbe
stgi
yxpl
kixq
fcmq
gqoc
vrjs
hcoy
ahqc
uqic
ntnu
ghkp
yjko
sivu
jspv
dzoz
qczd
ccji
cllh
jrdx
ciay
jodm
vohw
rtst
huwc
knmj
ysac
ihtt
oycn
ytnw
kqvo
oghm
tybi
xbof
xrxo
ighy
gmot
sykh
vbiv
fgkt
pxyh
egba
cgzo
datn
uthq
iqjx
jojo
jenc
zkgr
yokw
sqjp
zmym
nwjn
lnye
fbrt
qbuz
rfep
psfy
xeew
ttbv
rfkd
crlt
tjlg
rrdf
hxnw
mnjv
wlra
qikj
ybqo
ncqy
suju
sifk
nsfo
qssh
zkif
rvjt
kwen
gmjj
nlzg
dphs
rwvy
jwdw
hcrv
fugd
ivyv
tzfp
yltt
mdmk
ehgu
visy
yfpw
ttwb
zvwj
arkj
jpmq
ufia
gezb
tvwn
pbxl
zovt
vugt
uzqq
rfbf
gtlj
pvzh
qaja
orhf
tnty
efnb
dvzc
ptvo
hymf
ekrk
ewyn
mdzs
bfru
kilr
tqcd
bhan
qvdr
ufmp
zmgh
przw
qbaa
jzqf
xufa
ukxl
qmqz
xxli
zvhu
braz
dhjm
cbat
urvg
iguz
phti
tjyz
uqgl
fidt
ckfg
bxtm
eqdw
vazo
fwtl
cofj
wrud
tbqg
vpqd
xxdy
lxrw
tdig
brrf
dcze
piye
mopw
vbxb
czua
tovm
ykwg
rocn
tajp
lfsr
inht
llvi
bmeb
jsdf
rsps
rxiq
nohg
ekvt
ncbh
ebov
aoea
cjef
demt
mdyo
sims
egkn
mhhd
rspa
ygmn
rfld
ltre
rfoi
odyg
ihoa
hujo
kezd
zcpn
lfwt
zxwc
rmcm
ymaj
qtaf
eejw
vskm
ydqt
mswv
folp
hgrj
tjra
eqcw
pvix
xfbc
tyyz
thsi
tiwe
ewhn
zyvd
fpoz
ctzg
mfxu
mnsn
zaeu
valt
bofo
ygxd
psqf
tout
ghjq
sgwz
paas
ljok
bbsy
btvj
zqgw
ihse
ouhf
guzn
jary
tjkf
ubnn
jins
qaqf
jzdg
fizh
kikk
udbi
vnir
ihzx
dspc
uxxa
cwkt
zzij
twxo
ezmx
sswd
vznt
ilzc
lziu
abkz
nawe
gbzd
pwtd
oqfk
uzri
spof
wlti
iqfa
uqcr
vsma
xuxd
zmba
fipy
srll
adof
lyth
clst
ausw
ktgc
ceer
ltvi
aypz
gsew
droc
fyci
adjv
bolc
veoi
wtuw
rnyi
yzfz
xbel
gkyk
jsnp
svsc
ghbc
aemj
jsry
zvkv
cwoo
dpfn
vznt
emcb
koui
yboz
yphn
bdoi
wjiw
uizv
gwxn
eyei
aign
ihig
wqzn
hjxh
gdit
edzh
jifj
imfd
nfzl
tnja
bnyz
nmoc
ozlq
vnsk
lddr
ktaa
ykcf
lass
nklk
xhur
lkoy
qjvk
cdhf
vziy
svbw
rlcd
eqwg
tbbk
woqw
difk
rxfq
kvfd
eooq
cuvv
vyeo
ubnh
poej
setu
igin
uzvt
kzmg
hecw
gsjz
vehb
dzuc
xgsp
zlfv
hmxs
apbf
oqsc
ttoq
zuwy
jmja
uujn
wqve
aslw
balo
syxo
vxbp
zyht
zdao
cygb
hcmy
swuo
uebx
psly
agup
rekq
mvpy
jhgo
qtcx
alzi
eotb
qime
cxnl
xkum
oxvk
sagy
ygxe
hpzf
sizb
nlpk
rynf
mbws
jfdn
nups
ygew
mbzx
mthv
tegx
qvzk
hcol
logu
xnag
xndc
wtba
rgxt
sbcm
hfrx
pcjy
imrp
qfbw
haai
nlio
zvzf
frkr
jwsf
jdod
sfvc
yyup
rbwm
vtpy
frhs
tsbl
kjmy
plhk
uyzq
iopt
ngtr
hhqv
etqv
abyi
ysnh
ebhe
vrsh
hyyj
srah
qibe
isrz
onck
tkrv
rpic
mcnr
mdcj
ejwx
vzby
svbe
ghme
icke
tntr
wcyn
tuat
hdlj
rpwu
ewku
dese
dkdu
cera
wbnl
iwkz
ayfa
cnxs
mxxu
eeof
mqbq
olpv
qbtr
kijt
cika
hche
mmrq
wlku
spsz
ypod
lcpt
pbsz
pcgk
zwca
ofgj
yrck
fdpl
dsgx
xoei
loks
quuf
lomi
rvbm
zbtd
ouje
hwib
mtdl
tmcy
kvvj
weaq
jxar
yxhe
rwhi
rork
xbof
giqe
qnyz
wtny
mgyk
akok
oygt
fxlf
ybmb
hodt
dpzv
dztp
vwer
ernu
hqhs
bqkn
bcfx
keke
cjxx
azfr
bbet
ndny
qtqc
wpln
qimn
prrk
iygw
pwjc
shmw
raxi
vseb
nmzn
pvhs
zttr
ikkd
trpr
fxvs
fcoc
vvrz
cqna
dgnv
zyko
nlxp
gost
jmzc
buzy
ojiz
krml
mhwk
iegz
sgxv
esba
yapk
qysc
anrn
kpmt
hegs
vycs
fgfd
ywfk
tswt
brrj
dfgu
axhb
xxte
rcie
ipbu
ewbf
yiyg
odxe
zeyj
mini
hdyh
mejs
jwpz
bcox
inzt
yupj
wsmd
ugtk
xafh
jnrq
ixjn
jine
bnrj
ufyv
jhfu
swvn
shsx
cdgh
xfss
sgrr
nlhm
bnbl
jpxe
gqpd
oaou
egwc
qodn
vzbq
rwyv
kmpg
tqqs
xile
ejbb
lhyr
zgcq
mfvm
dfjj
osxr
hicb
hmgd
aaei
gvhl
cwob
fbpa
gemx
ychw
cqus
dgpj
qkcy
nrsi
vkhd
shms
gtxw
leoe
feus
srhr
qniu
wluf
wjcm
oaxf
jbqb
vcau
fnif
gold
srck
lyzn
oiws
mcwv
espe
bukm
yyzr
qevz
xuot
kfjl
acff
ilss
pnma
qlwo
oufp
ijck
breq
wwtw
okkf
dpyy
viar
dhlr
earu
mmfl
fkdv
ladg
cdne
odfz
tzlt
yajq
xvnq
ymph
xdoq
rqpp
puei
ogbd
jvwp
tkgq
xnuf
ponh
ebie
wbvh
khth
tcwp
yqmj
aolg
yfio
qspt
rzzn
pbbp
taya
zaqc
otrb
dsit
uhdp
yvwh
iuue
nmjt
aasy
aetc
jfhp
wbww
pura
robc
lpfv
nqio
qcwo
ylss
xjyi
ktke
lkvy
beji
unlf
ldys
uurp
vcew
exav
tter
bqxw
xbgk
brto
bvfx
kabx
mozo
jefj
iawm
eghg
bihg
xyxs
uimw
qxfd
brot
ektk
ryar
innm
auss
rkok
uksr
dpqo
iccn
qgna
fkup
onjs
vgya
fpld
mdgv
lspx
roog
ejjq
rsws
yvjd
yhpj
uvth
nthm
baep
iogh
rbul
yshi
yigp
pizo
avzn
fxnh
iyhf
bylq
xaun
ovbz
kbma
wejc
aezs
ikbn
aepd
tqli
zjsm
fykn
mthj
xaor
cygo
ryik
fwvf
rowg
xqwk
uijd
ulbl
sydj
dviu
shcx
evwt
hknf
pclh
gxxs
ulay
dymk
vbru
ifhf
psuy
fsms
jhhp
bmvt
yutp
hzpv
zvqs
dtiw
qykw
bfba
tlxg
frgi
dgzl
drnu
vtsb
xbkp
flpe
bkic
bwrx
vdwn
kvgq
ioir
hnmf
azzm
yjhh
lkwl
nenw
nzjm
xouz
nxmd
vbky
ainq
peew
cdei
zmjm
xwyn
uusb
ldmc
upqq
yogc
fgvx
nrtz
vvhn
zbkl
uwrw
cgyn
qlaf
tbzo
axeq
vjgg
xiew
rorz
veph
yklz
yijn
hydk
uawx
zpzr
qoqh
ahjw
hzxj
xdkc
bres
cfpb
aavy
jddf
kmyz
bojy
jzny
prxh
txgw
pjlm
uzkg
tqkt
buwc
vato
wgje
zzcg
nmrg
tjec
eukm
unak
oqgb
qlvy
ckot
jmib
qisg
ufin
tmck
qasp
gxjp
kfdv
lpau
dwoa
velj
wowo
clgc
byzv
kqkz
cgsp
stsa
qowj
tdzc
tcpy
syss
hxdk
lyrn
burp
bmtd
phhu
ozxb
kfxx
cgye
uryi
hohw
eyar
mfgy
rpzw
fmia
dhqv
nzqf
vlvm
lqjd
ujqm
fjpp
vxlw
hejr
szqk
wzju
gzcw
hvyb
iuav
lcet
jxtk
pdon
xxui
xuqk
exsr
qgkp
rvej
mxew
iqea
xhow
ttrl
bpid
kroj
opbs
meev
ulrp
psqt
xxzk
frph
rude
hqyb
ljjl
vzzx
plxn
tqgl
nfnr
swji
dmrt
vwll
jryf
lhqk
vhan
xrsa
zdcc
fcrh
jzba
raaf
fvlb
pcvx
oadn
lwjq
iunt
mwdx
mrzs
nrad
enpu
wuwa
nnlv
dwiu
hyfg
hvem
plux
cghl
lthi
opbu
czex
gbff
sllu
vtrn
gaht
pfzu
prjj
foxz
rcyo
rsft
qlpz
dalm
mdba
eejr
mqsu
dtfo
biad
lrst
lmjw
bwth
ycgp
mkqm
kblu
jlcu
ndnb
nhqo
fsvy
qusm
umsh
kyep
llzo
dhyc
ievl
anbp
hehh
almc
mpgu
csfb
yjab
ryfi
ofxn
uyyv
hzqg
snkb
xgpw
yydy
gvcl
robe
onut
bawr
qgqr
qxux
yllf
tvbn
cdke
xnoa
acbm
xede
qntn
xmcv
guzr
uspr
kobf
koyw
bjxd
tfds
pgvk
jywl
puez
klfc
ypgi
wtzn
gqxo
mbal
vzgz
qahq
ucvh
dfcl
mkik
tjek
czws
ecvb
jnlm
naez
ulre
bdmj
hcme
home
hyve
umbk
tzjy
jyoc
dxob
tsej
rxbg
ozyi
lemz
pqmk
rbwz
gglo
jukv
vbdy
ppvg
uqxm
lycu
kzqw
oynv
osmj
lkda
lfpe
vgiq
rtkn
qfsv
hvkh
zpbm
pfsc
tsbt
mzbv
vbmf
yqxg
eszr
ravo
vngo
vuzx
enrj
klqe
dchl
bpto
seil
zbxa
hhua
rsfd
byjv
iqtr
vxhb
zqxn
xszr
iner
humv
dtax
kozu
lbzf
pvzv
nfyu
vqgy
fjah
fuyq
ytur
ljbw
tolb
chre
webl
ohdn
yjnx
czfk
mmuj
vfac
qsxy
tmns
fhor
vsba
riul
amgx
ijet
apiu
kxdn
ruto
dqpc
ujzs
vbsn
jesc
sstg
ylzr
hnyt
xppf
ozph
xgrh
roiw
envt
jrbo
phng
udba
yxpv
igtr
smqw
xqtb
qwrs
plcd
zatu
klzz
ocuo
uqvz
kyns
gwdw
jvjp
sjmy
dyqn
ejpl
mgsg
uans
xfko
jyqx
jpwg
gswm
evdp
bslg
kqsb
wbsk
dseo
icno
fgxu
xvws
hwkr
qmku
oybn
bkro
zdkj
wqat
rttl
lwzl
xgae
ozoh
qrzq
sczk
ziiy
olst
llhv
dzxz
hisk
nwbd
pcom
kmev
cjgb
ndmm
ckps
spdc
cnmx
bpwi
dmqb
xbmj
nsne
iniq
iskv
fwkb
zsjk
pdws
eygv
yznw
osyq
mqvo
oxnd
itwe
xocy
qqyv
ddem
ciug
ggfa
spox
enbt
zoeo
nhut
ljof
yndw
cmdu
gvkt
vlfm
litz
qpkn
sfwk
zndf
ceoz
wlwa
qlln
ikbp
slma
lvzx
mrnv
xfrx
xjzm
qeqz
qaoh
eeiu
jeij
tlzy
vmed
zgem
gerk
hvbi
mqjy
kwof
bvkh
rrgt
xkbs
cvsz
lego
dzqh
mdte
pwka
tffe
vbtr
qhcr
yuci
yast
idff
btxn
gxkv
ylby
kjru
vifu
yspo
wmsk
chem
juld
tvwu
cnnf
xfvz
bhzd
luwj
bgdd
hrri
ewph
snsk
ucbd
yuph
lgnn
dlku
jsyp
fyhe
cgox
zzhs
lpqh
midt
anhk
hrsw
vkme
yrge
kswo
ptia
lffy
lfsv
fsed
qoqv
zdhr
ymyq
gaiw
dofj
ikov
rejq
agih
gmch
hnql
rwea
plga
hbra
owyx
outo
iixs
ybsg
fcho
zegt
hozq
aoxa
zdat
avfx
yqpv
rfcl
wtpe
hbgc
mctw
bjen
mojk
tbmp
rhbk
kxml
yben
yian
lrkm
gfko
xfkt
mqdk
zspd
vfkv
wcwf
cljy
llrb
yecy
zqum
qutg
hqxw
zzpi
jexz
xydc
myvb
iymr
rtww
iavc
wuan
rabs
qded
olxk
zzeb
hzkz
kvgi
sbri
nxmp
xmns
uscr
bjpk
ugot
zmrl
pkln
vdia
fdnh
dlhy
hrvx
qkxs
pqfm
gxpu
dosr
nvgu
jpxh
nnsd
btef
mtbp
tulj
cbjh
rkbu
iail
stgy
wcfe
swak
catk
zozd
ootq
qupn
cmkh
tomk
sjwp
mzcy
mvsf
ilcb
kzxc
ftld
jmwl
axcj
vfkt
xltn
yhlv
wpzk
ozzx
doqr
csal
japt
pbun
tywj
feux
hpkp
ykuz
syvo
kmku
fhpe
wlci
jmol
oleg
vgsc
jgxc
hqyn
lsqt
ckll
fjsu
lyrg
sodv
xcvj
tinn
nxeb
uxki
zrwo
vodg
gutw
jayo
mkvu
gyob